Library/Bee/Android/Prj/Mono2x/Gradle/launcher/build/intermediates/manifest_merge_blame_file/release/manifest-merger-blame-release-report.txt
1<?xml version="1.0" encoding="utf-8"?>
2<manifest xmlns:android="http://schemas.android.com/apk/res/android"
3    package="com.DefaultCompany.SolarSystem"
4    android:installLocation="preferExternal"
5    android:versionCode="1"
6    android:versionName="0.1" >
7
8    <uses-sdk
9        android:minSdkVersion="25"
9-->src\main\AndroidManifest.xml
10        android:targetSdkVersion="30" />
10-->src\main\AndroidManifest.xml
11
12    <supports-screens
12-->src\main\AndroidManifest.xml:3:3-163
13        android:anyDensity="true"
13-->src\main\AndroidManifest.xml:3:135-160
14        android:largeScreens="true"
14-->src\main\AndroidManifest.xml:3:78-105
15        android:normalScreens="true"
15-->src\main\AndroidManifest.xml:3:49-77
16        android:smallScreens="true"
16-->src\main\AndroidManifest.xml:3:21-48
17        android:xlargeScreens="true" />
17-->src\main\AndroidManifest.xml:3:106-134
18
19    <uses-feature android:glEsVersion="0x00030000" />
19-->[:unityLibrary] AndroidManifest.xml:13:5-54
19-->[:unityLibrary] AndroidManifest.xml:13:19-51
20    <uses-feature
20-->[:unityLibrary] AndroidManifest.xml:14:5-16:36
21        android:name="android.hardware.vulkan.version"
21-->[:unityLibrary] AndroidManifest.xml:15:9-55
22        android:required="false" />
22-->[:unityLibrary] AndroidManifest.xml:16:9-33
23
24    <uses-permission android:name="android.permission.INTERNET" />
24-->[:unityLibrary] AndroidManifest.xml:18:5-67
24-->[:unityLibrary] AndroidManifest.xml:18:22-64
25    <uses-permission android:name="android.permission.WRITE_EXTERNAL_STORAGE" />
25-->[:unityLibrary] AndroidManifest.xml:19:5-81
25-->[:unityLibrary] AndroidManifest.xml:19:22-78
26
27    <uses-feature
27-->[:unityLibrary] AndroidManifest.xml:21:5-23:36
28        android:name="android.hardware.touchscreen"
28-->[:unityLibrary] AndroidManifest.xml:22:9-52
29        android:required="false" />
29-->[:unityLibrary] AndroidManifest.xml:23:9-33
30    <uses-feature
30-->[:unityLibrary] AndroidManifest.xml:24:5-26:36
31        android:name="android.hardware.touchscreen.multitouch"
31-->[:unityLibrary] AndroidManifest.xml:25:9-63
32        android:required="false" />
32-->[:unityLibrary] AndroidManifest.xml:26:9-33
33    <uses-feature
33-->[:unityLibrary] AndroidManifest.xml:27:5-29:36
34        android:name="android.hardware.touchscreen.multitouch.distinct"
34-->[:unityLibrary] AndroidManifest.xml:28:9-72
35        android:required="false" />
35-->[:unityLibrary] AndroidManifest.xml:29:9-33
36    <uses-feature android:name="android.software.vr.mode" />
36-->[:unityLibrary] AndroidManifest.xml:30:5-61
36-->[:unityLibrary] AndroidManifest.xml:30:19-58
37    <uses-feature
37-->[:unityLibrary] AndroidManifest.xml:31:5-33:36
38        android:name="android.software.vr.ignore.home"
38-->[:unityLibrary] AndroidManifest.xml:32:9-55
39        android:required="false" />
39-->[:unityLibrary] AndroidManifest.xml:33:9-33
40
41    <uses-permission android:name="android.permission.QUERY_ALL_PACKAGES" />
41-->[:unityLibrary] AndroidManifest.xml:35:5-77
41-->[:unityLibrary] AndroidManifest.xml:35:22-74
42
43    <application
43-->src\main\AndroidManifest.xml:4:3-83
44        android:extractNativeLibs="true"
44-->[:unityLibrary] AndroidManifest.xml:37:18-50
45        android:icon="@mipmap/app_icon"
45-->src\main\AndroidManifest.xml:4:49-80
46        android:label="@string/app_name" >
46-->src\main\AndroidManifest.xml:4:16-48
47        <activity
47-->[:unityLibrary] AndroidManifest.xml:38:9-58:20
48            android:name="com.unity3d.player.UnityPlayerActivity"
48-->[:unityLibrary] AndroidManifest.xml:39:13-66
49            android:configChanges="keyboard|keyboardHidden|navigation|orientation|screenLayout|screenSize|uiMode|mcc|mnc|locale|touchscreen|smallestScreenSize|layoutDirection|fontScale|density"
49-->[:unityLibrary] AndroidManifest.xml:40:13-194
50            android:hardwareAccelerated="false"
50-->[:unityLibrary] AndroidManifest.xml:41:13-48
51            android:launchMode="singleTask"
51-->[:unityLibrary] AndroidManifest.xml:42:13-44
52            android:resizeableActivity="false"
52-->[:unityLibrary] AndroidManifest.xml:43:13-47
53            android:screenOrientation="landscape"
53-->[:unityLibrary] AndroidManifest.xml:44:13-50
54            android:theme="@android:style/Theme.Black.NoTitleBar.Fullscreen" >
54-->[:unityLibrary] AndroidManifest.xml:45:13-77
55            <intent-filter>
55-->[:unityLibrary] AndroidManifest.xml:46:13-50:29
56                <action android:name="android.intent.action.MAIN" />
56-->[:unityLibrary] AndroidManifest.xml:47:17-69
56-->[:unityLibrary] AndroidManifest.xml:47:25-66
57
58                <category android:name="android.intent.category.LAUNCHER" />
58-->[:unityLibrary] AndroidManifest.xml:49:17-77
58-->[:unityLibrary] AndroidManifest.xml:49:27-74
59            </intent-filter>
60
61            <meta-data
61-->[:unityLibrary] AndroidManifest.xml:52:13-54:40
62                android:name="unityplayer.UnityActivity"
62-->[:unityLibrary] AndroidManifest.xml:53:17-57
63                android:value="true" />
63-->[:unityLibrary] AndroidManifest.xml:54:17-37
64            <meta-data
64-->[:unityLibrary] AndroidManifest.xml:55:13-57:40
65                android:name="android.notch_support"
65-->[:unityLibrary] AndroidManifest.xml:56:17-53
66                android:value="true" />
66-->[:unityLibrary] AndroidManifest.xml:57:17-37
67        </activity>
68
69        <meta-data
69-->[:unityLibrary] AndroidManifest.xml:60:9-62:33
70            android:name="unity.splash-mode"
70-->[:unityLibrary] AndroidManifest.xml:61:13-45
71            android:value="0" />
71-->[:unityLibrary] AndroidManifest.xml:62:13-30
72        <meta-data
72-->[:unityLibrary] AndroidManifest.xml:63:9-65:36
73            android:name="unity.splash-enable"
73-->[:unityLibrary] AndroidManifest.xml:64:13-47
74            android:value="True" />
74-->[:unityLibrary] AndroidManifest.xml:65:13-33
75        <meta-data
75-->[:unityLibrary] AndroidManifest.xml:66:9-68:36
76            android:name="unity.launch-fullscreen"
76-->[:unityLibrary] AndroidManifest.xml:67:13-51
77            android:value="True" />
77-->[:unityLibrary] AndroidManifest.xml:68:13-33
78        <meta-data
78-->[:unityLibrary] AndroidManifest.xml:69:9-71:37
79            android:name="unity.allow-resizable-window"
79-->[:unityLibrary] AndroidManifest.xml:70:13-56
80            android:value="False" />
80-->[:unityLibrary] AndroidManifest.xml:71:13-34
81        <meta-data
81-->[:unityLibrary] AndroidManifest.xml:72:9-74:50
82            android:name="notch.config"
82-->[:unityLibrary] AndroidManifest.xml:73:13-40
83            android:value="portrait|landscape" />
83-->[:unityLibrary] AndroidManifest.xml:74:13-47
84        <meta-data
84-->[:unityLibrary] AndroidManifest.xml:75:9-77:36
85            android:name="unity.auto-report-fully-drawn"
85-->[:unityLibrary] AndroidManifest.xml:76:13-57
86            android:value="true" />
86-->[:unityLibrary] AndroidManifest.xml:77:13-33
87        <meta-data
87-->[:unityLibrary] AndroidManifest.xml:78:9-80:34
88            android:name="com.softwinner.vr.mode"
88-->[:unityLibrary] AndroidManifest.xml:79:13-50
89            android:value="vr" />
89-->[:unityLibrary] AndroidManifest.xml:80:13-31
90    </application>
91
92</manifest>